<?xml version="1.0" encoding="UTF-8"?>
<!-- Generated by org.testng.reporters.JUnitReportReporter -->
<testsuite hostname="Optimist" name="ContactList" tests="1" failures="0" timestamp="19 Jun 2015 00:50:37 GMT" time="80.730" errors="0">
  <testcase name="callToContact" time="80.730" classname="ContactList"/>
</testsuite> <!-- ContactList -->
