<?xml version="1.0" encoding="UTF-8"?>
<!-- Generated by org.testng.reporters.JUnitReportReporter -->
<testsuite hostname="Optimist" name="MyFilesPicturesSwipe" tests="1" failures="0" timestamp="20 Jun 2015 20:53:19 GMT" time="59.569" errors="0">
  <testcase name="cameraTest" time="59.569" classname="MyFilesPicturesSwipe"/>
</testsuite> <!-- MyFilesPicturesSwipe -->
