<?xml version="1.0" encoding="UTF-8"?>
<!-- Generated by org.testng.reporters.JUnitReportReporter -->
<testsuite hostname="Optimist" name="Gallery" tests="1" failures="0" timestamp="20 Jun 2015 21:12:19 GMT" time="38.842" errors="0">
  <testcase name="cameraTest" time="38.842" classname="Gallery"/>
</testsuite> <!-- Gallery -->
