<?xml version="1.0" encoding="UTF-8"?>
<!-- Generated by org.testng.reporters.JUnitReportReporter -->
<testsuite hostname="Optimist" name="Camera" tests="1" failures="0" timestamp="19 Jun 2015 22:14:10 GMT" time="14.846" errors="0">
  <testcase name="camerTest" time="14.846" classname="Camera"/>
</testsuite> <!-- Camera -->
