<?xml version="1.0" encoding="UTF-8"?>
<!-- Generated by org.testng.reporters.JUnitReportReporter -->
<testsuite hostname="Optimist" name="MyFilesPictures" tests="1" failures="0" timestamp="20 Jun 2015 15:43:31 GMT" time="236.069" errors="0">
  <testcase name="cameraTest" time="236.069" classname="MyFilesPictures"/>
</testsuite> <!-- MyFilesPictures -->
