<?xml version="1.0" encoding="UTF-8"?>
<!-- Generated by org.testng.reporters.JUnitReportReporter -->
<testsuite hostname="Optimist" name="Calculator" tests="1" failures="0" timestamp="19 Jun 2015 16:05:20 GMT" time="60.630" errors="0">
  <testcase name="calculations" time="60.630" classname="Calculator"/>
</testsuite> <!-- Calculator -->
